<?xml version="1.0" encoding="UTF-8"?>
<testng-results skipped="0" failed="0" total="1" passed="1">
  <reporter-output>
  </reporter-output>
  <suite name="Default suite" duration-ms="58063" started-at="2017-12-17T07:35:57Z" finished-at="2017-12-17T07:36:55Z">
    <groups>
      <group name="regression">
        <method signature="Scenario_Search.TestValidSerch(java.util.Map)[pri:0, instance:Scenario_Component.Scenario_Search@51565ec2]" name="TestValidSerch" class="Scenario_Component.Scenario_Search"/>
      </group> <!-- regression -->
      <group name="smoke">
        <method signature="Scenario_Search.TestInvalidSerch(java.util.Map)[pri:0, instance:Scenario_Component.Scenario_Search@51565ec2]" name="TestInvalidSerch" class="Scenario_Component.Scenario_Search"/>
      </group> <!-- smoke -->
    </groups>
    <test name="Default test" duration-ms="58063" started-at="2017-12-17T07:35:57Z" finished-at="2017-12-17T07:36:55Z">
      <class name="Scenario_Component.Scenario_Search">
        <test-method status="PASS" signature="TestInvalidSerch(java.util.Map)[pri:0, instance:Scenario_Component.Scenario_Search@51565ec2]" name="TestInvalidSerch" duration-ms="57660" started-at="2017-12-17T13:05:57Z" data-provider="dp_Invalidsearch" finished-at="2017-12-17T13:06:55Z">
          <params>
            <param index="0">
              <value>
                <![CDATA[{Execute_Flag=Y, TC_ID=GB_01, Script_name=Invalid_Search, Search_Item=###, Exp_Result=Sorry! There are no products to display., Order_Set=1.0}]]>
              </value>
            </param>
          </params>
          <reporter-output>
          </reporter-output>
        </test-method> <!-- TestInvalidSerch -->
      </class> <!-- Scenario_Component.Scenario_Search -->
    </test> <!-- Default test -->
  </suite> <!-- Default suite -->
</testng-results>
